OS NameSpace	OS Deployment Config	BitBucket Project	Bit Bucket Repo	OS Image
agreement-management	agreement-event-management	AGRM	agreement-event-management.git	docker-registry.default.svc:5000/agreement-management/agreement-event-management@sha256:7676703bcb461ede903c194211915754708d661f3c90a799789028f2dd7c2c24
agreement-management	agreement-role-management	AGRM	agreement-role-management.git	docker-registry.default.svc:5000/agreement-management/agreement-role-management@sha256:460d2f05967367dee26955b3debbd97decd9196d9054b278f670914eff4482d3
agreement-product-inventory	partner-agreement-product-service	PIA	partner-agreement-product-service.git	docker-registry.default.svc:5000/agreement-product-inventory/partner-agreement-product-service@sha256:760db66482acd2424cfd3a8e4b8693fbe93dd95050059367641cf6b3c66446d5
agreement-product-ordering	mandty-offrs-enchmt-for-agrmt-ownr-chng-job	POA	mandatory-offers-enrichment-for-agreement-owner-change-job.git	docker-registry.default.svc:5000/agreement-product-ordering/mandty-offrs-enchmt-for-agrmt-ownr-chng-job@sha256:33dfc8f37652bb33fe5c51f78bccb316615565c74718a3effca2aca22e8ad865
agreement-product-ordering	order-post-swap-insurance-job	POA	order-post-swap-insurance-job.git	docker-registry.default.svc:5000/agreement-product-ordering/order-post-swap-insurance-job@sha256:d790ae7e85bb5dc3d77607ea06f5a5fc91729708a57e6a4330e282306c43fd4f
agreement-product-ordering	product-ordering-internal-clients	POA	product-ordering-internal-clients.git	docker-registry.default.svc:5000/agreement-product-ordering/product-ordering-internal-clients@sha256:2a4921cfc213c3c8c7dc26092e0a9b01856b7268f25d0c10d550790aa8717550
bsshub-demo	bss-webservice-star	BPT	bss-webservice-star.git	docker-registry.default.svc:5000/bsshub-demo/bss-webservice-star@sha256:52edc084a4761558ef7855e847ddf00359c398bb522010452dc530385fb05964
comet-java-services	comet-java-services	BES	comet-java-services.git	docker-registry.default.svc:5000/comet-java-services/comet-java-services@sha256:7ab006de8e81c8127462f13b48c382065d94bd3a6acd42dfbc47898b381f8b6c
comet-osb-services	arrangement-subscription-service-v3	BES	arrangement-subscription-service-v3.git	docker-registry.default.svc:5000/comet-osb-services/arrangement-subscription-service-v3@sha256:b2847bd6831606739d80c355c7dcc2d408dee06ebd32a2ff8d5bd865c5bda7dd
comet-osb-services	arrangement-subscription-service-v4	BES	arrangement-subscription-service-v4.git	docker-registry.default.svc:5000/comet-osb-services/arrangement-subscription-service-v4@sha256:94a456e914aa7fd19ee5b4fefcd75619fde81730f6a4794501db004ecf293554
comet-osb-services	b2b-deviceagreement-service-v1	B2BS	b2b-deviceagreement-service-v1.git	docker-registry.default.svc:5000/comet-osb-services/b2b-deviceagreement-service-v1@sha256:ccffdfab219d2bd9758a3bf822fb768900358a59197dcda081b63ca3df57023c
comet-osb-services	b2b-insuranceagreement-service-v1	B2BS	b2b-insuranceagreement-service-v1.git	docker-registry.default.svc:5000/comet-osb-services/b2b-insuranceagreement-service-v1@sha256:a4877b42ba38b018b49b53ed338259e0c32e63771c6154d3fe66c14296c52fea
comet-osb-services	b2b-provisioning-service-v2	B2BS	b2b-provisioning-service-v2.git	docker-registry.default.svc:5000/comet-osb-services/b2b-provisioning-service-v2@sha256:ba6c9ec7ae3b7b3024e3d9360b26fcb890a93e10f9dd7c901981655e00498bb1
comet-osb-services	b2b-synchronizeparty-service-v1	B2BS	b2b-synchronizeparty-service-v1.git	docker-registry.default.svc:5000/comet-osb-services/b2b-synchronizeparty-service-v1@sha256:49f01b01792431c3d92f9776283e83c7f8598e7461930fac3e9e2a273bb398da
comet-osb-services	bbs-payment-service-v2	BAS	bbs-payment-service-v2.git	docker-registry.default.svc:5000/comet-osb-services/bbs-payment-service-v2@sha256:63b2d9e92b545f35976445aaf018f19a7d26ddc043c143d9f0a78abcdc9d42d4
comet-osb-services	big-ip-health-check	BPT	big-ip-health-check.git	docker-registry.default.svc:5000/comet-osb-services/big-ip-health-check@sha256:1e77fef82b2a4541a2c95cb6b1873998987ed03c135bd0156a08433902b96e61
comet-osb-services	comet-address-service-v1	BAS	comet-address-service-v1.git	docker-registry.default.svc:5000/comet-osb-services/comet-address-service-v1@sha256:b35730e777356d5616e267a2673b1f3b1763a27b58f216e599e7f5830332e1a9
comet-osb-services	comet-address-service-v2	BAS	comet-address-service-v2.git	docker-registry.default.svc:5000/comet-osb-services/comet-address-service-v2@sha256:77cf09775bd521bfddb45abe056ee6701a9fc08acb1960466af62ee3e4abd058
comet-osb-services	comet-agreementoffer-service-v2	BAS	comet-agreementoffer-service-v2.git	docker-registry.default.svc:5000/comet-osb-services/comet-agreementoffer-service-v2@sha256:b3bce201077fb917a216df5e61d918d438941e2b0904824efbad94212fe05319
comet-osb-services	comet-cometping-service-v2	BAS	comet-cometping-service-v2.git	docker-registry.default.svc:5000/comet-osb-services/comet-cometping-service-v2@sha256:6cae2aea9aff8067a74cf3c01330ab57d14c5d5e5af549c80d1179b08533c006
comet-osb-services	comet-customermessage-service-v2	BAS	comet-customermessage-service-v2.git	docker-registry.default.svc:5000/comet-osb-services/comet-customermessage-service-v2@sha256:e26c82439e5bb80fdefba18f9cd8e66fb3ffcaa7ee1dd988b51d36063ef81aee
comet-osb-services	comet-pbxsubscription-service-v1	BAS	comet-pbxsubscription-service-v1.git	docker-registry.default.svc:5000/comet-osb-services/comet-pbxsubscription-service-v1@sha256:b7716bac4294607bc1b689b66603bf3c69244ecb1d261e7b1b0d50f76f52c066
comet-osb-services	common-security-service-v1	BES	common-security-service-v1.git	docker-registry.default.svc:5000/comet-osb-services/common-security-service-v1@sha256:0dae6bb7bfd55ad50a40230a0cbc7c9014156b23a2d007a7c6852a9de8d41771
comet-osb-services	common-security-service-v2	BES	common-security-service-v2.git	docker-registry.default.svc:5000/comet-osb-services/common-security-service-v2@sha256:b33fe0a225cbff2eb6a0d4b726fb9d846cae02b328ba77f2cbcf9e72dced9b25
comet-osb-services	common-security-service-v3	BES	common-security-service-v3.git	docker-registry.default.svc:5000/comet-osb-services/common-security-service-v3@sha256:406e0bc6cf2eca78e78daa20038528b30cd08ad642bf0b847a7c6db874a0c5c7
comet-osb-services	common-security-service-v4	BES	common-security-service-v4.git	docker-registry.default.svc:5000/comet-osb-services/common-security-service-v4@sha256:61b1221764196c62f8f030f1ae483dea8599f1c695ba59e9ec512f940a56d930
comet-osb-services	common-useradmin-service-v1	BES	common-useradmin-service-v1.git	docker-registry.default.svc:5000/comet-osb-services/common-useradmin-service-v1@sha256:8047aa9199d6adad3c128c85e0eff02ebb4dacaefb64fe301529fd9ffd0292b4
comet-osb-services	comoyo-user-service-v1	BAS	comoyo-user-service-v1.git	docker-registry.default.svc:5000/comet-osb-services/comoyo-user-service-v1@sha256:81d20da7479cea73762021acadefeb0281e7897163886b83b0a38d53724cfb69
comet-osb-services	cosmos-resourcepermission-service-v1	BAS	cosmos-resourcepermission-service-v1.git	docker-registry.default.svc:5000/comet-osb-services/cosmos-resourcepermission-service-v1@sha256:715dd551e74b0cf451b490f5df9843da2e0d39dd5b32460b5c2eca02812f75d6
comet-osb-services	cosmos-useradmin-service-v1	BAS	cosmos-useradmin-service-v1.git	docker-registry.default.svc:5000/comet-osb-services/cosmos-useradmin-service-v1@sha256:c43635d54a6360ba4088040774e848bec20667aa6692075e5ef418e5e6638630
comet-osb-services	custom-sms-mq-service-v1	BAS	custom-sms-mq-service-v1.git	docker-registry.default.svc:5000/comet-osb-services/custom-sms-mq-service-v1@sha256:5a5dadf8d29c02a3a33193838dcda26557a16d0bdac557a3ef872bc5a1782b5e
comet-osb-services	economy-account-service-v1	BES	economy-account-service-v1.git	docker-registry.default.svc:5000/comet-osb-services/economy-account-service-v1@sha256:48d39d8cf2ee5238218fe07f898a688df154abe582c2ad837993cc57a1f3150f
comet-osb-services	economy-billevent-service-v1	BES	economy-billevent-service-v1.git	docker-registry.default.svc:5000/comet-osb-services/economy-billevent-service-v1@sha256:4004b069057a28708d3abdda840ec70c3627c1f8af00abd01aa06644072cea1d
comet-osb-services	economy-creditadminmemo-service-v1	BES	economy-creditadminmemo-service-v1.git	docker-registry.default.svc:5000/comet-osb-services/economy-creditadminmemo-service-v1@sha256:d4320a8e79dfc461692b47e2415d0132159d2211f7b4287ffdae3b0573d5ad4c
comet-osb-services	economy-creditevaluation-service-v1	BES	economy-creditevaluation-service-v1.git	docker-registry.default.svc:5000/comet-osb-services/economy-creditevaluation-service-v1@sha256:717a397ce50cbf68db329d80953ecdc0b1a0d28f4ce1f52ba860bde5459f00a5
comet-osb-services	economy-creditmemo-service-v1	BES	economy-creditmemo-service-v1.git	docker-registry.default.svc:5000/comet-osb-services/economy-creditmemo-service-v1@sha256:2e7247eecf09a3fabc37cf571a7dbc94350822d6df71eaf54e37feb21f9e9333
comet-osb-services	economy-edcinvoice-mq-service-v1	BES	economy-edcinvoice-mq-service-v1.git	docker-registry.default.svc:5000/comet-osb-services/economy-edcinvoice-mq-service-v1@sha256:96dab4456e9b698e09e7ff638b4b9b0b05b1cda06c4df7feddf1da332beb126a
comet-osb-services	economy-instalment-service-v1	BES	economy-instalment-service-v1.git	docker-registry.default.svc:5000/comet-osb-services/economy-instalment-service-v1@sha256:053e99df39317e99f7f70671e8aabc330caa015fba5a1efdc2950af83bbfb68d
comet-osb-services	economy-instalmentadmin-service-v1	BES	economy-instalmentadmin-service-v1.git	docker-registry.default.svc:5000/comet-osb-services/economy-instalmentadmin-service-v1@sha256:dca7ffc93cf9a8dbe2985370b583d4eab436745801693c00bb236bf167f74bd5
comet-osb-services	economy-invoice-service-v1	BES	economy-invoice-service-v1.git	docker-registry.default.svc:5000/comet-osb-services/economy-invoice-service-v1@sha256:36fcaea2b5ef6dfc4e51665257407634c3e7b09a114b72968592ccdf7b8a6a6c
comet-osb-services	economy-usage-service-v4	BES	economy-usage-service-v4.git	docker-registry.default.svc:5000/comet-osb-services/economy-usage-service-v4@sha256:6c33fa1dfd8785f7908ab9f3464f82765ff3a0a5248bb984889cfcbcc2f8258e
comet-osb-services	event-email-service-v3	BES	event-email-service-v3.git	docker-registry.default.svc:5000/comet-osb-services/event-email-service-v3@sha256:0887df286bdb304914ab86717ddfd144cab2b541f34c5755dadfd2da0cec73dd
comet-osb-services	event-invoice-service-v1	BES	event-invoice-service-v1.git	docker-registry.default.svc:5000/comet-osb-services/event-invoice-service-v1@sha256:a04d69bfb350884e5f8ab0e39bb66c3b5358d8802146d3c9311444e3b6eddf19
comet-osb-services	event-invoicepreauthorized-service-v1	BES	event-invoicepreauthorized-service-v1.git	docker-registry.default.svc:5000/comet-osb-services/event-invoicepreauthorized-service-v1@sha256:5aa355b75ef78a115a006e62a11413e10a0157b303b0361804df68d2dd90f0df
comet-osb-services	event-message-service-backend	BAS	event-message-service-backend.git	docker-registry.default.svc:5000/comet-osb-services/event-message-service-backend@sha256:7e3d0634f84f25c2ec1d374f70c08900a12dcef8f49d250c6a65dce6c76815d2
comet-osb-services	event-message-service-notification	BAS	event-message-service-notification.git	docker-registry.default.svc:5000/comet-osb-services/event-message-service-notification@sha256:e6a4bfe85b05ad065f858240e9d15e603fbb8d5efceeff5f653b430bf62d9e48
comet-osb-services	event-message-service-v3	BES	event-message-service-v3.git	docker-registry.default.svc:5000/comet-osb-services/event-message-service-v3@sha256:a84597229427274c2a5efae25c8d9a0a65acf78f5ba66547dc5ad653f65dfe26
comet-osb-services	kfs-order-service-v1	BAS	kfs-order-service-v1.git	docker-registry.default.svc:5000/comet-osb-services/kfs-order-service-v1@sha256:d6d1dd7d30d2382edb6d980ffa07fa8c86a507cbbbe4dff518cdf8283ec882ff
comet-osb-services	kog-kogfault-service-v1	BAS	kog-kogfault-service-v1.git	docker-registry.default.svc:5000/comet-osb-services/kog-kogfault-service-v1@sha256:748a26bd74bd7345b79a17cac052815fc2eb290ea74f90b1b794baf934bd2140
comet-osb-services	ldap-dc	opt	image-ldap.git	docker-registry.default.svc:5000/base-images/ldap-service@sha256:1532c5d5f89770f2bcde4961c1e07edb0e24824497b994c5f909e173198e9855
comet-osb-services	metro-cpe-service-v1	BAS	metro-cpe-service-v1.git	docker-registry.default.svc:5000/comet-osb-services/metro-cpe-service-v1@sha256:fce91408e0243e24d1c788cd5b9f23c2dc099c1ba1873f78dce766a313cddb49
comet-osb-services	metro-subscription-service-v1	BAS	metro-subscription-service-v1.git	docker-registry.default.svc:5000/comet-osb-services/metro-subscription-service-v1@sha256:1a09f0f8e18d8350e8935558b5ec61b06d450f46a30c563354d4cddbb1fbafce
comet-osb-services	party-address-service-v1	BES	party-address-service-v1.git	docker-registry.default.svc:5000/comet-osb-services/party-address-service-v1@sha256:e3efab705b2df4fac46e1106985773454dc374a6e095447c6fe12f97445e4b82
comet-osb-services	party-customer-service-v2	BES	party-customer-service-v2.git	docker-registry.default.svc:5000/comet-osb-services/party-customer-service-v2@sha256:6158d855299d0c76a007872cedd0c1ca9901f36eae9499f04eb2431dd27a9ddc
comet-osb-services	party-customer-service-v3	BES	party-customer-service-v3.git	docker-registry.default.svc:5000/comet-osb-services/party-customer-service-v3@sha256:dd53f75a159ef3ab57a805ea523978369a49d1a4794372fc6bc349e37478f6e2
comet-osb-services	party-customerlog-service-v1	BES	party-customerlog-service-v1.git	docker-registry.default.svc:5000/comet-osb-services/party-customerlog-service-v1@sha256:6a5181d0462720d3937081374e348145349c35b8c9cf53236ff025dc5be50175
comet-osb-services	party-customerlog-service-v2	BES	party-customerlog-service-v2.git	docker-registry.default.svc:5000/comet-osb-services/party-customerlog-service-v2@sha256:69b41951be120085698213b62f4f04a061bb297bf3cb05feff2adc090bf8d347
comet-osb-services	party-dialogue-service-v2	BES	party-dialogue-service-v2.git	docker-registry.default.svc:5000/comet-osb-services/party-dialogue-service-v2@sha256:1960d2194a105e8f25d90f25442de08c68df91d646d9eee93bd34452929c2c7d
comet-osb-services	party-information-service-v1	BES	party-information-service-v1.git	docker-registry.default.svc:5000/comet-osb-services/party-information-service-v1@sha256:e3980ae58322d0522b86d19cc0ff74d7b70a3de0b95021c6a7ebe0a5426cf010
comet-osb-services	party-partyaddress-service-v3	BES	party-partyaddress-service-v3.git	docker-registry.default.svc:5000/comet-osb-services/party-partyaddress-service-v3@sha256:d5bc15049da0dcd5f25197a636af13fafcbc41c9e4f921939bb08bc160b80bd9
comet-osb-services	party-partycontact-service-v3	BES	party-partycontact-service-v3.git	docker-registry.default.svc:5000/comet-osb-services/party-partycontact-service-v3@sha256:216f0149f48514a8815e557bdf79ead8acc2027d1cf40c30b5623e645cd895c2
comet-osb-services	party-partyresandapp-service-v2	BES	party-partyresandapp-service-v2.git	docker-registry.default.svc:5000/comet-osb-services/party-partyresandapp-service-v2@sha256:5e35995cdb12b8ce878b5ee9698fa3091e3f98330c5ea2bc045827c183ec1162
comet-osb-services	party-partyresandapp-service-v3	BES	party-partyresandapp-service-v3.git	docker-registry.default.svc:5000/comet-osb-services/party-partyresandapp-service-v3@sha256:f93eb5c9e6a9810b22af96ea6c5645aeef952d184587396eac8ca71be47b670b
comet-osb-services	party-resandapp-service-v1	BES	party-resandapp-service-v1.git	docker-registry.default.svc:5000/comet-osb-services/party-resandapp-service-v1@sha256:8b1eb967fc7581ba15e1eec32066b4e0213f1daabe6ccb21c175b8411871654d
comet-osb-services	party-salesteam-service-v1	BES	party-salesteam-service-v1.git	docker-registry.default.svc:5000/comet-osb-services/party-salesteam-service-v1@sha256:82ecdbdf2dfd1474b26fb590b730ae36f3237b300d1fb2e8a5565638fe8a7ce6
comet-osb-services	party-uservalidation-service-v1	BES	party-uservalidation-service-v1.git	docker-registry.default.svc:5000/comet-osb-services/party-uservalidation-service-v1@sha256:bd5790e4f6af0358f57e3355cd81caf05e5e0ebd7fc169dff7386014ba177b00
comet-osb-services	product-campaign-service-v1	bes	product-campaign-service-v1.git	docker-registry.default.svc:5000/comet-osb-services/product-campaign-service-v1@sha256:0a7e8717c3de6e6547fc4eeb50a49f6b824e143237d57ce90c16643b0402fced
comet-osb-services	product-campaign-service-v2	BES	product-campaign-service-v2.git	docker-registry.default.svc:5000/comet-osb-services/product-campaign-service-v2@sha256:8bffe279361d95f4f42a10f6b1fada8a79d18e5fcacd3e07428d7408956497c0
comet-osb-services	samtykke-consent-service-v2	BAS	samtykke-consent-service-v2.git	docker-registry.default.svc:5000/comet-osb-services/samtykke-consent-service-v2@sha256:8f40ef419cec9f3d7ae30d8a707a35dd5b8b164bba85d4bd9d4f22a402b70388
comet-osb-services	samtykke-consent-service-v3	BAS	samtykke-consent-service-v3.git	docker-registry.default.svc:5000/comet-osb-services/samtykke-consent-service-v3@sha256:ff06cc18ac7422781720c9c107fbf681ddce53df941b09f9123035f0be18583d
comet-osb-services	sas-salestips-service-v3	BAS	sas-salestips-service-v3.git	docker-registry.default.svc:5000/comet-osb-services/sas-salestips-service-v3@sha256:bb51c336273b1fc4a4b7a7449cd053ab828fa32cd84556a9053019ddb2808b87
comet-osb-services	soliditetd-creditinformation-service-v1	BAS	soliditetd-creditinformation-service-v1.git	docker-registry.default.svc:5000/comet-osb-services/soliditetd-creditinformation-service-v1@sha256:70aa082e8849b143704c24e5eabc86450b4f1ba8400ae668360631a7d7807fe4
comet-osb-services	system-saml-service	BES	system-saml-service.git	docker-registry.default.svc:5000/comet-osb-services/system-saml-service@sha256:9a7bc3dfc4a917529c8869b64101a6317ddd441dff5ea1fdf01c5845dc08bb8d
customer-and-account-management	account-management-services	CAAM	account-management-services.git	docker-registry.default.svc:5000/customer-and-account-management/account-management-services@sha256:ab00f2a6ffd170adc7b0083eaa649ec24f0d1b0770892476c50574c92c799528
customer-and-account-management	account-order-entry-services	CAAM	account-order-entry-services.git	docker-registry.default.svc:5000/customer-and-account-management/account-order-entry-services@sha256:01e8dc4558d57c482c8a939fac23a2339eec3405a036605f094aafe6c9ca6615
customer-and-account-management	caam-admin	CAAM	caam-admin.git	docker-registry.default.svc:5000/customer-and-account-management/caam-admin@sha256:9c7dbfb4c46c50747cf2e10997c10d75a9ac3823a78e1fd230ae5bee6e110d9a
customer-and-account-management	customer-management-services	CAAM	customer-management-services.git	docker-registry.default.svc:5000/customer-and-account-management/customer-management-services@sha256:4313c138c42cbd1361899e0b635f721bf50f82a87fc1eea7ddb23d614b2caae7
customer-and-account-management	ldap-dc	opt	image-ldap.git	docker-registry.default.svc:5000/base-images/ldap-service@sha256:1532c5d5f89770f2bcde4961c1e07edb0e24824497b994c5f909e173198e9855
device-information	ldap-dc	opt	image-ldap.git	docker-registry.default.svc:5000/base-images/ldap-service@sha256:1532c5d5f89770f2bcde4961c1e07edb0e24824497b994c5f909e173198e9855
device-information	tac-cache-service	DI	tac-cache-service.git	docker-registry.default.svc:5000/device-information/tac-cache-service@sha256:6e3f958b5b43d38fa830fdcf22e7516eed05e494d0ccb4611593b8cdbbd6f1e3
device-information	terminal-type-service	DI	terminal-type-service.git	docker-registry.default.svc:5000/device-information/terminal-type-service@sha256:09093540500810f91ee183aa3af6d9d869cbc224750b237dab3888897b1fb16e
los	administration	LOS	administration.git	docker-registry.default.svc:5000/los/administration@sha256:64a5337562d5c4063a8e1954496a9345fb33a150dc104a24d73e480750582b04
los	contractor-order	LOS	contractor-order.git	docker-registry.default.svc:5000/los/contractor-order@sha256:12f801e04fabf8e385374000b3753be866356626ffb71ce774140676c8ab8723
los	equipment-order	LOS	equipment-order.git	docker-registry.default.svc:5000/los/equipment-order@sha256:bfd6cd1214cd0b9d08bd7410772117e9d420294fea523f6b3a8de7219f70151f
los	goods-reception	LOS	goods-reception.git	docker-registry.default.svc:5000/los/goods-reception@sha256:b591dc7cd3541b13b72c62863ff20cb39483ee5611b1e08c2af870c0d7b844ba
los	response-handling	LOS	response-handling.git	docker-registry.default.svc:5000/los/response-handling@sha256:8e6f0b5f82a71a86c7c714efd655e222fbe2d7706be5cecf280243cb1b37ad99
los	users-permissions	LOS	users-permissions.git	docker-registry.default.svc:5000/los/users-permissions@sha256:a50340caf9aef7b0d0f6e463e0a60227411ec12a8c1104be4288bd2ada693c28
order-entry	jaspersubscription-service-v1	B2BS	b2b-jaspersubscription-service-v1.git	docker-registry.default.svc:5000/order-entry/jaspersubscription-service-v1@sha256:eba08c78cf1087b9bad6ddaa47f6999e831524b266ac6f9ee1ae52c77c791027
order-entry	ldap-dc	opt	image-ldap.git	docker-registry.default.svc:5000/base-images/ldap-service@sha256:1532c5d5f89770f2bcde4961c1e07edb0e24824497b994c5f909e173198e9855
order-entry	sim-order-service	RMSN	sim-order-service.git	docker-registry.default.svc:5000/order-entry/sim-order-service@sha256:61daa57b27684dc5f5d66c6ef5b033dd572a6985489a3746b73a78a510c05919
order-entry	stock-subscription-bulk-order-service	RMSN	stock-subscription-bulk-order-service.git	docker-registry.default.svc:5000/order-entry/stock-subscription-bulk-order-service@sha256:9f98bf4c82408e8e1b278f33a0a2f1be44e52c177f00cd667df7ae8ca2d6dcb7
order-processing-services	eventbroker	MOOX	eventbroker.git	docker-registry.default.svc:5000/order-processing-services/eventbroker@sha256:474ef0e55f8adc016b31fbc9c2914e696626a27eca50b7a032e427a037100c3a
order-processing-services	mooa2	MOOX	mooa2.git	docker-registry.default.svc:5000/order-processing-services/mooa2@sha256:ac93d068f9876ba9ac173624aceb0fd622c4bd710ae281b9ca90ad6d89b5720e
order-processing-services	mooacc	MOOX	mooacc.git	docker-registry.default.svc:5000/order-processing-services/mooacc@sha256:815f08495989fa02a8dfddbfe6d816b683d04e78ce93cf46f03c457d84e4bea2
order-processing-services	moob	MOOX	moob.git	docker-registry.default.svc:5000/order-processing-services/moob@sha256:5fc89a471326dcde6cddad680f8461823fc94e29c7cf41832770a7bca47e488b
order-processing-services	mooc	MOOX	mooc.git	docker-registry.default.svc:5000/order-processing-services/mooc@sha256:8a778820b62efbfeba3189b5e0cef5dd49111f0118fb7a9fc57d768676cd20e7
order-processing-services	moogb	MOOX	moogb.git	docker-registry.default.svc:5000/order-processing-services/moogb@sha256:7926ccd9b33bc7da9327b84525d4ace4a5c386edf558fea1a6e452b606738a60
order-processing-services	moos2	MOOX	moos2.git	docker-registry.default.svc:5000/order-processing-services/moos2@sha256:b413ee56f7297df3c5eee4e9403dfb114bed52787c0a619b1ff6d6bd0bfbe5b7
order-processing-services	mooxadmin	MOOX	admin.git	docker-registry.default.svc:5000/order-processing-services/mooxadmin@sha256:ac240bf334f136dc3d5177a7b67c4e10d9b3f9ce1747fa4bb9503c789a76b5fc
order-processing-services	mooxdatabase	MOOX	mooxdatabase.git	docker-registry.default.svc:5000/order-processing-services/mooxdatabase@sha256:44d017bb1993c6c12934bc4d8a7cc02ea0cb2af925568386a017b097758c4643
order-processing-services	mooxdatabasemanager	MOOX	mooxdatabasemanager.git	docker-registry.default.svc:5000/order-processing-services/mooxdatabasemanager@sha256:b324cfad3a44dc32cad88c70d642aa8ee51086cb9eaac47dadb4d0f16ec45f9a
order-processing-services	msgproxy	MOOX	mooamessagingproxy.git	docker-registry.default.svc:5000/order-processing-services/msgproxy@sha256:cbcdf15ff5f761e8052bf11d3ac94f7ceb29ed0722e816da0f7445ba8673d38a
order-processing-services	orderlookup	MOOX	orderlookup.git	docker-registry.default.svc:5000/order-processing-services/orderlookup@sha256:f8965773a171dc0e48ab5c5fc542def23a6dfa2be894fa29e241df9c600b4b3a
order-processing-services	orderrouter	MOOX	orderrouter.git	docker-registry.default.svc:5000/order-processing-services/orderrouter@sha256:487879c82f87441895fc6e3e36b5e33bfd87add165aed9837185c889e5ecb5b9
order-processing-services	ordertool	MOOX	ordertool.git	docker-registry.default.svc:5000/order-processing-services/ordertool@sha256:bba475360fa5d66c2c88db3e82bbd9a2fa90d14d823debcf402d698c38e0f0b0
order-processing-services	snfproxy	MOOX	snfproxy.git	docker-registry.default.svc:5000/order-processing-services/snfproxy@sha256:55fd84567ef16a7ace808cda467fceba71200375be5fe927504012580dd19562
payment-services	cache-service	pay	cache-service.git	docker-registry.default.svc:5000/payment-services/cache-service@sha256:655c169ea2e71b8f34f2e02c81a77ddb26cc84120a73d98b9ae6473f80650791
payment-services	cpa-admin-ui-v1	PAY	cpa-admin-ui-v1.git	docker-registry.default.svc:5000/payment-services/cpa-admin-ui-v1@sha256:171edcf5b47192d782bcbe768b7e269ad1179123a2bf6d5b669f6235c91aba7a
payment-services	cpa-charge-and-content-delivery-service-v1	PAY	cpa-charge-and-content-delivery-service-v1.git	docker-registry.default.svc:5000/payment-services/cpa-charge-and-content-delivery-service-v1@sha256:8434c9ab1bc118d81313de8f9e7c6d14507eb7f380d5965ea3e51b480777ab53
payment-services	cpa-charge-and-refund-service-v1	PAY	cpa-charge-and-refund-service-v1.git	docker-registry.default.svc:5000/payment-services/cpa-charge-and-refund-service-v1@sha256:6fcc932a6355148893261ed905e194897e6a9486f62a6a62c69eefdfe1f8a77d
payment-services	cpa-customer-and-subscription-info-v1	PAY	cpa-customer-and-subscription-info-v1.git	docker-registry.default.svc:5000/payment-services/cpa-customer-and-subscription-info-v1@sha256:26b7a9ad1419003dc669e6dd198c7bcef960e6cf59f73c3417d4bd588336263d
payment-services	cpa-deferred-billing-scheduler-v1	PAY	cpa-deferred-billing-scheduler-v1.git	docker-registry.default.svc:5000/payment-services/cpa-deferred-billing-scheduler-v1@sha256:d215aa82f2b7ef99079a20c0ea95cf11b9f2e13c9244311b347e93458aca9263
payment-services	cpa-limit-management-ui-v1	PAY	cpa-limit-management-ui-v1.git	docker-registry.default.svc:5000/payment-services/cpa-limit-management-ui-v1@sha256:9363fbba52c25c1e990fa2156f38cdb17b430bedce2f1e9a987f4a37492af979
payment-services	cpa-notification-cp-mock	PAY	cpa-notification-cp-mock.git	docker-registry.default.svc:5000/payment-services/cpa-notification-cp-mock@sha256:2a4b2bacce73e9823c9319823fa18158b7bc5f11b9ced409b596b6ec47af485e
payment-services	cpa-notification-service-v1	PAY	cpa-notification-service-v1.git	docker-registry.default.svc:5000/payment-services/cpa-notification-service-v1@sha256:a58a00baee01dbc7f94950c767ced7dcb5746ddcf3a521c706cf045e5b5037d8
payment-services	cpa-order-service-cp-mock	PAY	cpa-order-service-cp-mock.git	docker-registry.default.svc:5000/payment-services/cpa-order-service-cp-mock@sha256:7e7906a350f881bcfb7273cc2f784b1ea3a1f40e01d0486f9dc2c26b1362cabc
payment-services	cpa-order-service-v1	PAY	cpa-order-service-v1.git	docker-registry.default.svc:5000/payment-services/cpa-order-service-v1@sha256:03286324ebe90d1984f5b03a827e3347676d58c3ad1f4d08b03a4d23d5f7a560
payment-services	cpa-prepaid-charging-service-v1	pay	cpa-prepaid-charging-service-v1.git	docker-registry.default.svc:5000/payment-services/cpa-prepaid-charging-service-v1@sha256:c24fb32e1d04c10560dc9a691c3df2b4eef8769586259e4e22995cb1fe99acd2
payment-services	cpa-prepaid-charging-service-v2	PAY	cpa-prepaid-charging-service-v2.git	docker-registry.default.svc:5000/payment-services/cpa-prepaid-charging-service-v2@sha256:c6417a5962383800fb1144b828cc1a5376101bb898324629973b968aa60eb58f
payment-services	cpa-resend-failed-orders-and-notifications-service-v1	PAY	cpa-resend-failed-orders-and-notifications-service-v1.git	docker-registry.default.svc:5000/payment-services/cpa-resend-failed-orders-and-notifications-service-v1@sha256:bf88341c8398c578ca2b34105a42ea0ef3d026ac2921e93f6f3c93fc0949a030
payment-services	cpa-ussd-authorization-request-v1	PAY	cpa-ussd-authorization-request-v1.git	docker-registry.default.svc:5000/payment-services/cpa-ussd-authorization-request-v1@sha256:ace919aa3517528978b246f6c015d62561793a3e7ef6620ab3ed512f859f8360
payment-services	cpa-ussd-authorization-response-v1	PAY	cpa-ussd-authorization-response-v1.git	docker-registry.default.svc:5000/payment-services/cpa-ussd-authorization-response-v1@sha256:092c5ecb2a0958bdc971c07cffc082c2e88c320b9282952cd46879ef97910af3
payment-services	ldap-dc	opt	image-ldap.git	docker-registry.default.svc:5000/base-images/ldap-service@sha256:1532c5d5f89770f2bcde4961c1e07edb0e24824497b994c5f909e173198e9855
payment-services	partnerbilling-notification-service-v1	PAY	partnerbilling-notification-service-v1.git	docker-registry.default.svc:5000/payment-services/partnerbilling-notification-service-v1@sha256:d2cf937813ee3d162e15d13583f7bbb66290cc0eb2fcd19b4570652e75b69028
payment-services	partnerbilling-oneoff-charge-v1	PAY	partnerbilling-oneoff-charge-v1.git	docker-registry.default.svc:5000/payment-services/partnerbilling-oneoff-charge-v1@sha256:c2de512858c5dfc73e8c2b51bc6a856c57e07de6129d8770da9a31a1218095cd
payment-services	partnerbilling-order-dispatcher-v1	PAY	partnerbilling-order-dispatcher-v1.git	docker-registry.default.svc:5000/payment-services/partnerbilling-order-dispatcher-v1@sha256:1b3f6ef2bcee28d7955a5ca9efc19e188d301dddef0a8fc2a385ce30ca464ff9
payment-services-oracle	cache-service	PAY	cache-service.git	docker-registry.default.svc:5000/payment-services-oracle/cache-service@sha256:67c7e51c14499e08e184014efd36042e5d318978098568c9c33c1a3ccaf604ec
payment-services-oracle	cpa-admin-ui-v1	PAY	cpa-admin-ui-v1.git	docker-registry.default.svc:5000/payment-services-oracle/cpa-admin-ui-v1@sha256:df61ee1d01ace36ada895ec34fce23eb3b11c6932f13442d187b5e653d0c352b
payment-services-oracle	cpa-charge-and-content-delivery-service-v1	PAY	cpa-charge-and-content-delivery-service-v1.git	docker-registry.default.svc:5000/payment-services-oracle/cpa-charge-and-content-delivery-service-v1@sha256:b3bab15e11e9a557633a5f0d27ec0e5e4281e03204f478f49f7ad69ae08d2f82
payment-services-oracle	cpa-charge-and-refund-service-v1	PAY	cpa-charge-and-refund-service-v1.git	docker-registry.default.svc:5000/payment-services-oracle/cpa-charge-and-refund-service-v1@sha256:558ee167d3442c446edaf10c2fb1300885246952bebaf8e1a61e0d56e05a50a2
payment-services-oracle	cpa-customer-and-subscription-info-v1	PAY	cpa-customer-and-subscription-info-v1.git	docker-registry.default.svc:5000/payment-services-oracle/cpa-customer-and-subscription-info-v1@sha256:d1852b29816ecba0b7e8141f2f52914560c11e32858805e122a15b130483a592
payment-services-oracle	cpa-deferred-billing-scheduler-v1	PAY	cpa-deferred-billing-scheduler-v1.git	docker-registry.default.svc:5000/payment-services-oracle/cpa-deferred-billing-scheduler-v1@sha256:9f0c8cc7aa638f7a0d51830f0fdc4f3379d7cae063cba9a0cef6e81cfdcaa65a
payment-services-oracle	cpa-limit-management-ui-v1	PAY	cpa-limit-management-ui-v1.git	docker-registry.default.svc:5000/payment-services-oracle/cpa-limit-management-ui-v1@sha256:831621f35e88b5aa63871111611e59660450a887b857b9d89e78883b0304fb24
payment-services-oracle	cpa-notification-service-v1	PAY	cpa-notification-service-v1.git	docker-registry.default.svc:5000/payment-services-oracle/cpa-notification-service-v1@sha256:18998564026160e42b286b966c5b1e2a0893b3e8a7dce39b4cb4169788ecc7fc
payment-services-oracle	cpa-order-service-v1	PAY	cpa-order-service-v1.git	docker-registry.default.svc:5000/payment-services-oracle/cpa-order-service-v1@sha256:423a7771e65b5da460b5ae939b56cc8094aad2fded2e32a50bd81c589aeaa46c
payment-services-oracle	cpa-prepaid-charging-service-v2	PAY	cpa-prepaid-charging-service-v2.git	docker-registry.default.svc:5000/payment-services-oracle/cpa-prepaid-charging-service-v2@sha256:c6417a5962383800fb1144b828cc1a5376101bb898324629973b968aa60eb58f
payment-services-oracle	cpa-resend-failed-orders-and-notifications-service-v1	PAY	cpa-resend-failed-orders-and-notifications-service-v1.git	docker-registry.default.svc:5000/payment-services-oracle/cpa-resend-failed-orders-and-notifications-service-v1@sha256:c4eb24a1ad16c289b4aeafadcde9f90ab0de253b57d9fa9e92a4b8249d34cf2b
payment-services-oracle	cpa-ussd-authorization-request-v1	PAY	cpa-ussd-authorization-request-v1.git	docker-registry.default.svc:5000/payment-services-oracle/cpa-ussd-authorization-request-v1@sha256:b617a84b652a5a554f79bfbacc0a09233c8433776346b9f494e872bac56a1f8d
payment-services-oracle	cpa-ussd-authorization-response-v1	PAY	cpa-ussd-authorization-response-v1.git	docker-registry.default.svc:5000/payment-services-oracle/cpa-ussd-authorization-response-v1@sha256:b28a1354b846baa1e67030c63dd50da27f3463b46ffa7f4edf46c3cee41a2cf5
payment-services-oracle	ldap-dc	opt	image-ldap.git	docker-registry.default.svc:5000/base-images/ldap-service@sha256:1532c5d5f89770f2bcde4961c1e07edb0e24824497b994c5f909e173198e9855
payment-services-oracle	partnerbilling-notification-service-v1	pay	partnerbilling-notification-service-v1.git	docker-registry.default.svc:5000/payment-services-oracle/partnerbilling-notification-service-v1@sha256:b9cd3f9bd2ec6a144a595b6ce9ae3fcd23aa08446ea1c6ec7216d03a3113f1e7
payment-services-oracle	partnerbilling-oneoff-charge-v1	PAY	partnerbilling-oneoff-charge-v1.git	docker-registry.default.svc:5000/payment-services-oracle/partnerbilling-oneoff-charge-v1@sha256:f71a8dee1f7caa123c7ec90a218e99cf3156561f2ef32fb8e00618b99d170923
payment-services-oracle	partnerbilling-order-dispatcher-v1	PAY	partnerbilling-order-dispatcher-v1.git	docker-registry.default.svc:5000/payment-services-oracle/partnerbilling-order-dispatcher-v1@sha256:c16fd5b5703a0cda2a72f7e1d21c1056f8fcc0a1c2fe527e117e6bbcf665b8ab
platform-tools	occam	OPT	opt-occam.git	docker-registry.default.svc:5000/platform-tools/occam@sha256:ea95d2c4a9b1a9af243d314a4bdb88acfdf60002960ef6cefa8fed69b880fc25
platform-tools	opt-canary1	opt	opt-canary.git	docker-registry.default.svc:5000/platform-tools/opt-canary@sha256:25132a444da53a98ab0b5c3b35d9984925cb8df9aa948e8907aefd439f2e351d
platform-tools	opt-canary2	opt	opt-canary.git	docker-registry.default.svc:5000/platform-tools/opt-canary@sha256:25132a444da53a98ab0b5c3b35d9984925cb8df9aa948e8907aefd439f2e351d
platform-tools	opt-canary3	opt	opt-canary.git	docker-registry.default.svc:5000/platform-tools/opt-canary@sha256:25132a444da53a98ab0b5c3b35d9984925cb8df9aa948e8907aefd439f2e351d
platform-tools	opt-canary4	opt	opt-canary.git	docker-registry.default.svc:5000/platform-tools/opt-canary@sha256:25132a444da53a98ab0b5c3b35d9984925cb8df9aa948e8907aefd439f2e351d
platform-tools	opt-dashboard	OPT	opt-dashboard.git	docker-registry.default.svc:5000/platform-tools/opt-dashboard@sha256:8b330e27a97e00bc1ff642289cf1ab9610fa469cace4d9d0852d79432316ce4d
platform-tools	opt-event-exporter	opt	opt-event-exporter.git	docker-registry.default.svc:5000/platform-tools/opt-event-exporter@sha256:b5b42310cd86e029294060b3f80e933eb40c5724015d630830778e61c60137e1
platform-tools	opt-tetrao	opt	opt-tetrao.git	docker-registry.default.svc:5000/platform-tools/opt-tetrao@sha256:1bc438717a01a6428c0fffcc9b8221fba245c9ed03538f25380fcb10f88ea9c6
platform-tools	pipeline-monitor	opt	opt-pipeline-monitor.git	docker-registry.default.svc:5000/platform-tools/pipeline-monitor@sha256:423373ec2a898792b8fe2714d7b61e217dec1f96df43ac1efd627c5f8fb9b35b
prepaid-management	edr-processing-service	PRPM	edr-processing-service.git	docker-registry.default.svc:5000/prepaid-management/edr-processing-service@sha256:09a016b79ce86b43e872e94d61c766c5d83b61b54b2d5096b7ab6d86b2a2819b
product-management-services	product-management-service	PM	product-management.git	docker-registry.default.svc:5000/product-management-services/product-management-service@sha256:38ecf4094342afe2d722f45e152071cd4184c24eeb93d813a59850c5c9426378
product-management-services	productcatalog-componentimport-service	PM	productcatalog-componentimport-service.git	docker-registry.default.svc:5000/product-management-services/productcatalog-componentimport-service@sha256:5d9c5a3f63c31b542e66b326f518091198e2714cdd14763f3042b8edd1c39fe6
product-management-services	productcatalog-product-info-service	PM	productcatalog-productoffer-service.git	docker-registry.default.svc:5000/product-management-services/productcatalog-product-info-service@sha256:45ec5b5a19ea59d5e8a81a73212f6b172c21a732a0cd98aff9f426a0c1249b33
product-qualifier	product-qualifier	PQ	product-qualifier.git	docker-registry.default.svc:5000/product-qualifier/product-qualifier@sha256:82046182c3f3c27f848cd88a09528895996627f5359fa93cd099d452f869d2f6
product-qualifier	service-qualifier	PQ	service-qualifier.git	docker-registry.default.svc:5000/product-qualifier/service-qualifier@sha256:5c2b05c115008cea575e7071c61c2c118b7213cb02852a9c977852233c0a14a2
revenue-management	data-allowance-usage-service	RM	data-allowance-usage-service.git	docker-registry.default.svc:5000/revenue-management/data-allowance-usage-service@sha256:76d0ddd544fc799a428238fd35a71ad7fbd1406f24d7bb82778e1fc71237e2cc
revenue-management	family-bonus-usage-service	RM	family-bonus-usage-service.git	docker-registry.default.svc:5000/revenue-management/family-bonus-usage-service@sha256:2390f4e2706c2dfbd2b1a1f5891615ec8f11331c163618239dd5e6e46070c7a2
subscription-management	ftp-file-import-bulk-order	SUBM	ftp-file-import-bulk-order.git	docker-registry.default.svc:5000/subscription-management/ftp-file-import-bulk-order@sha256:e2cbe2c8181203fbde6dcc29f4858cb29f57e1baffcfa5ef81d3c9aad0740596
subscription-product-inventory	subscription-inventory-service	PIS	subscription-inventory-service.git	docker-registry.default.svc:5000/subscription-product-inventory/subscription-inventory-service@sha256:b553e35c329eed683550c9be729899bbdf3d893fcf8f703809b29f1ff7d27706
subscription-product-inventory	subscription-retrieval-isade-integration-service	PIS	subscription-retrieval-isade-integration-service.git	docker-registry.default.svc:5000/subscription-product-inventory/subscription-retrieval-isade-integration-service@sha256:94ad43fe6ec0d0dd48d654488c8bd35fe66fc14691d54a31a9c5cbf4c4d64bad
subscription-product-inventory	subscription-retrieval-nmsip-integration-service	PIS	subscription-retrieval-nmsip-integration-service.git	docker-registry.default.svc:5000/subscription-product-inventory/subscription-retrieval-nmsip-integration-service@sha256:43aefd873f8397d6817fe64ad4a188455572219820cd5bb0f5f485bb839628fe
subscription-product-ordering	subscription-equipment-service	POS	subscription-equipment-service.git	docker-registry.default.svc:5000/subscription-product-ordering/subscription-equipment-service@sha256:dd3324be8288161437838db605b51892bef505459afcf07634661226ad45b058
telenor-digital	telenor-digital-service	TDS	telenor-digital-service.git	docker-registry.default.svc:5000/telenor-digital/telenor-digital-service@sha256:8eae804c261b4a8bd0b349a2f5c56798c43de67a085633e48e6a3e9e39687c91
comet-java-services	prometheus			docker-registry.default.svc:5000/base-images/prometheus@sha256:cf81be77d586f16997155834f08bdb7042e330e52ef3877d8458ad5e0c5328d4
comet-osb-services	origo-proxy			docker-registry.default.svc:5000/base-images/nginx@sha256:163c12a7e835a509ae35794779f9423d23bf925d21c9f0b893316e6742d842fc
comet-osb-services	prometheus			docker-registry.default.svc:5000/base-images/prometheus@sha256:cf81be77d586f16997155834f08bdb7042e330e52ef3877d8458ad5e0c5328d4
customer-and-account-management	prometheus			docker-registry.default.svc:5000/base-images/prometheus@sha256:cf81be77d586f16997155834f08bdb7042e330e52ef3877d8458ad5e0c5328d4
device-information	redis			registry.redhat.io/rhscl/redis-5-rhel7@sha256:f3cf80b8dd897d008ed83b33662e869d397534218c0d436536a0673cadbd8bbf
istio-citadel	istio-citadel			docker-registry.default.svc:5000/istio-citadel/istio-citadel@sha256:ce573d25c4ff11fd2690400e87feeb1b993f408b279503a3854474c664a8e167
order-processing-services	securityproxy-inbound			docker-registry.default.svc:5000/base-images/nginx@sha256:163c12a7e835a509ae35794779f9423d23bf925d21c9f0b893316e6742d842fc
order-processing-services	securityproxy-outbound			docker-registry.default.svc:5000/base-images/nginx@sha256:163c12a7e835a509ae35794779f9423d23bf925d21c9f0b893316e6742d842fc
payment-services	prometheus			docker-registry.default.svc:5000/base-images/prometheus@sha256:cf81be77d586f16997155834f08bdb7042e330e52ef3877d8458ad5e0c5328d4
payment-services-oracle	prometheus			docker-registry.default.svc:5000/base-images/prometheus@sha256:cf81be77d586f16997155834f08bdb7042e330e52ef3877d8458ad5e0c5328d4
platform-messaging	broker-amq			docker-registry.default.svc:5000/openshift/jboss-amq-63@sha256:3981a66428347bd3874d1146390db35278ffab56d8eb736ceedf3971950d2631
platform-messaging	broker-drainer			docker-registry.default.svc:5000/openshift/jboss-amq-63@sha256:3981a66428347bd3874d1146390db35278ffab56d8eb736ceedf3971950d2631
platform-tools	joar-api			docker-registry.default.svc:5000/platform-tools/joar-api@sha256:392bed69a39b9c3e67280e2ca7768a79cbae7ef53f99a6a5ea8f4a754225dde1
platform-tools	ldap-operator			docker-registry.default.svc:5000/platform-tools/ldap-operator@sha256:3dfd0de5ee314d493805587ca0e88a7d2044319faf12fb8bfd613540f90c0e91
platform-tools	ldap-service			docker-registry.default.svc:5000/platform-tools/ldap-service@sha256:5c31e47b22d57d2b338a5d8b2dd8384632352ef9bab8920273b4f4008a831e37
platform-tools	networkutils			docker-registry.default.svc:5000/base-images/image-networkutils@sha256:8e2801a0388e4fb97646c95e1596959d30cdd528c37b074eed53b759808d5046
platform-tools	opt-grafana			docker-registry.default.svc:5000/platform-tools/opt-grafana@sha256:64abd012aa814cd4734d810993c4e5464931fc582258f4be4cd0be9d11932487
platform-tools	skopeo-service-go			docker-registry.default.svc:5000/platform-tools/skopeo-service-go@sha256:9df52508602665a62c511f084154cf586dcc87d5d0d16b54d7d28521b7bae1b4
platform-tools	system-saml-service			docker-registry.default.svc:5000/platform-tools/system-saml-service@sha256:393e5caecfe777b3dc8bf2dad0e6093760d8b83af5b4fb7986b9c8b56dcabe3b
platform-tools	telenor-prometheus-operator			docker-registry.default.svc:5000/platform-tools/telenor-prometheus-operator@sha256:0188d280af927cc112cf6f2ce63b01c61cf24d9111205767861b63a3c17c6ec9
product-qualifier	redis			docker-registry.default.svc:5000/base-images/redis-5-rhel7@sha256:181e4d2df1c1e63d6a427f211b61c4d76f3aecdfacef7a5d0a813a66578a62b7
product-qualifier	redis-exporter			docker-registry.default.svc:5000/base-images/redis-exporter@sha256:739cd78edd1b65e6fa855b6dd87bd9b9d430873908b6ed1d029928f18a1f59dd
projects-operator	projects-operator			docker-registry.default.svc:5000/projects-operator/projects-operator@sha256:e937e09fa7caf3412065c996873166398230489861b4861f1cafbb820d47319d
shared-platform-tools	firewall-verification-v2			docker-registry.default.svc:5000/shared-platform-tools/firewall-verification-v2@sha256:759e42329b71ba1c8f14ca1aaa47b029b34aa46d964e97fb88ebebb53c64ff60
shared-platform-tools	networkutils			docker-registry.default.svc:5000/base-images/image-networkutils@sha256:8e2801a0388e4fb97646c95e1596959d30cdd528c37b074eed53b759808d5046
subscription-product-ordering	subscription-order-proxy-inbound			docker-registry.default.svc:5000/base-images/nginx@sha256:163c12a7e835a509ae35794779f9423d23bf925d21c9f0b893316e6742d842fc
telenor-security-service	amplifier			docker-registry.default.svc:5000/telenor-security-service/amplifier@sha256:56865d956a2fe4f71ef640b743c4332b8a2cacd9b43a0eb641df0454b21597ca
telenor-security-service	cows			docker-registry.default.svc:5000/telenor-security-service/cows@sha256:ad77a7d00009e6a193714f2e15c0212dc8894d17e68aec3459b411e9aad38f0a
telenor-security-service	elvis			docker-registry.default.svc:5000/telenor-security-service/elvis@sha256:858a70ef2ecf833d0e875f32d87aee9f10cf6009b7f2ff069226b4b77d9a7efa
telenor-security-service	guitar			docker-registry.default.svc:5000/telenor-security-service/guitar@sha256:bc224527cd9150032b7a080137c929270e195e3c59a8c788da5a60672b349bbc
telenor-security-service	heimebane			docker-registry.default.svc:5000/telenor-security-service/heimebane@sha256:e02cd0da56c724dea24e368cd9e2a4cf26ad8caa0a6cff7bd9608cc556c98e9d
telenor-security-service	marionettist			docker-registry.default.svc:5000/telenor-security-service/marionettist@sha256:c05385c76edd17b3d6feb4dbb995eaec719634637c452fe8d5c6cf1eb2ee2e1d
telenor-security-service	nutss			docker-registry.default.svc:5000/telenor-security-service/nutss@sha256:c9b2bce07feca421a6f4a22818be1c3baebf98610e8895d1addaf38a1f18d58c
telenor-security-service	nutss-certs			docker-registry.default.svc:5000/telenor-security-service/nginx-1.13.4-1.el7@sha256:fc4c5fd87ef84625fc092aee243b970990a5075b4d7dcfd907b4aee67e91173a
telenor-security-service	openshift-slack			docker-registry.default.svc:5000/telenor-security-service/openshift-slack@sha256:49af7305cc010361666d4adb13992c02f97cb56ed5538cbbd87c9712847ebcf2
telenor-security-service	prometheus			docker-registry.default.svc:5000/base-images/prometheus@sha256:cf81be77d586f16997155834f08bdb7042e330e52ef3877d8458ad5e0c5328d4
telenor-security-service	proxy			docker-registry.default.svc:5000/telenor-security-service/nginx-1.13.4-1.el7@sha256:fc4c5fd87ef84625fc092aee243b970990a5075b4d7dcfd907b4aee67e91173a
telenor-security-service	tjaws			docker-registry.default.svc:5000/telenor-security-service/tjaws@sha256:e40b47953791c0b8d55c30b3aeca325b6414bb213ab204378e2dd6d4f8777d2d
